<?xml version="1.0" encoding="UTF-8" ?>
<testsuite tests="4" failures="0" name="cn.wolfcode.rbac.service.test.EmployeeServiceTest" time="1.079" errors="0" skipped="0">
  <properties>
[...]
</properties>
  <testcase classname="cn.wolfcode.rbac.service.test.EmployeeServiceTest" name="delete" time="0.998"/>
  <testcase classname="cn.wolfcode.rbac.service.test.EmployeeServiceTest" name="get" time="0.037"/>
  <testcase classname="cn.wolfcode.rbac.service.test.EmployeeServiceTest" name="listAll" time="0.026"/>
  <testcase classname="cn.wolfcode.rbac.service.test.EmployeeServiceTest" name="saveOrUpdate" time="0.018"/>
</testsuite>